#
# There is insufficient memory for the Java Runtime Environment to continue.
# Native memory allocation (mmap) failed to map 266338304 bytes. Error detail: G1 virtual space
# Possible reasons:
#   The system is out of physical RAM or swap space
#   This process is running with CompressedOops enabled, and the Java Heap may be blocking the growth of the native heap
# Possible solutions:
#   Reduce memory load on the system
#   Increase physical memory or swap space
#   Check if swap backing store is full
#   Decrease Java heap size (-Xmx/-Xms)
#   Decrease number of Java threads
#   Decrease Java thread stack sizes (-Xss)
#   Set larger code cache with -XX:ReservedCodeCacheSize=
#   JVM is running with Zero Based Compressed Oops mode in which the Java heap is
#     placed in the first 32GB address space. The Java Heap base address is the
#     maximum limit for the native heap growth. Please use -XX:HeapBaseMinAddress
#     to set the Java Heap base and to place the Java Heap above 32GB virtual address.
# This output file may be truncated or incomplete.
#
#  Out of Memory Error (os_windows.cpp:3703), pid=17776, tid=9040
#
# JRE version:  (23.0+37) (build )
# Java VM: Java HotSpot(TM) 64-Bit Server VM (23+37-2369, mixed mode, sharing, tiered, compressed oops, compressed class ptrs, g1 gc, windows-amd64)
# No core dump will be written. Minidumps are not enabled by default on client versions of Windows
#

---------------  S U M M A R Y ------------

Command Line: -Dfile.encoding=UTF-8 --module-path=C:\Users\Alienware M15\Documents\JAVA\TICTACTOE\build\classes TICTACTOEDAVID

Host: Intel(R) Core(TM) i7-10870H CPU @ 2.20GHz, 16 cores, 15G,  Windows 11 , 64 bit Build 22621 (10.0.22621.4391)
Time: Fri Nov 22 11:05:52 2024 Central America Standard Time elapsed time: 0.014302 seconds (0d 0h 0m 0s)

---------------  T H R E A D  ---------------

Current thread (0x0000023386ee9440):  JavaThread "Unknown thread" [_thread_in_vm, id=9040, stack(0x0000009a00c00000,0x0000009a00d00000) (1024K)]

Stack: [0x0000009a00c00000,0x0000009a00d00000]
Native frames: (J=compiled Java code, j=interpreted, Vv=VM code, C=native code)
V  [jvm.dll+0x6e08a9]  (no source info available)
V  [jvm.dll+0x87da63]  (no source info available)
V  [jvm.dll+0x87feee]  (no source info available)
V  [jvm.dll+0x8805c3]  (no source info available)
V  [jvm.dll+0x27aee6]  (no source info available)
V  [jvm.dll+0x6dd1b5]  (no source info available)
V  [jvm.dll+0x6d103a]  (no source info available)
V  [jvm.dll+0x35b3ea]  (no source info available)
V  [jvm.dll+0x3637f6]  (no source info available)
V  [jvm.dll+0x34fd5e]  (no source info available)
V  [jvm.dll+0x34fff8]  (no source info available)
V  [jvm.dll+0x3289cc]  (no source info available)
V  [jvm.dll+0x32966e]  (no source info available)
V  [jvm.dll+0x8442e5]  (no source info available)
V  [jvm.dll+0x3b9848]  (no source info available)
V  [jvm.dll+0x82d0dc]  (no source info available)
V  [jvm.dll+0x454d4e]  (no source info available)
V  [jvm.dll+0x456bd1]  (no source info available)
C  [jli.dll+0x52a3]  (no source info available)
C  [ucrtbase.dll+0x29333]  (no source info available)
C  [KERNEL32.DLL+0x1259d]  (no source info available)
C  [ntdll.dll+0x5af38]  (no source info available)

Lock stack of current Java thread (top to bottom):


---------------  P R O C E S S  ---------------

Threads class SMR info:
_java_thread_list=0x00007ffbfe373618, length=0, elements={
}

Java Threads: ( => current thread )
Total: 0

Other Threads:
  0x0000023386f50110 WorkerThread "GC Thread#0"                     [id=13652, stack(0x0000009a00d00000,0x0000009a00e00000) (1024K)]
  0x0000023386f65e70 ConcurrentGCThread "G1 Main Marker"            [id=6672, stack(0x0000009a00e00000,0x0000009a00f00000) (1024K)]
  0x0000023386f66980 WorkerThread "G1 Conc#0"                       [id=17460, stack(0x0000009a00f00000,0x0000009a01000000) (1024K)]

[error occurred during error reporting (printing all threads), id 0xc0000005, EXCEPTION_ACCESS_VIOLATION (0xc0000005) at pc=0x00007ffbfdabbfba]
VM state: not at safepoint (not fully initialized)

VM Mutex/Monitor currently owned by a thread:  ([mutex/lock_event])
[0x00007ffbfe3f3a10] Heap_lock - owner thread: 0x0000023386ee9440

Heap address: 0x0000000703c00000, size: 4036 MB, Compressed Oops mode: Zero based, Oop shift amount: 3

CDS archive(s) mapped at: [0x0000000000000000-0x0000000000000000-0x0000000000000000), size 0, SharedBaseAddress: 0x0000000800000000, ArchiveRelocationMode: 1.
Narrow klass base: 0x0000000000000000, Narrow klass shift: 0, Narrow klass range: 0x0

GC Precious Log:
 CardTable entry size: 512
 Card Set container configuration: InlinePtr #cards 4 size 8 Array Of Cards #cards 16 size 48 Howl #buckets 8 coarsen threshold 3686 Howl Bitmap #cards 512 size 80 coarsen threshold 460 Card regions per heap region 1 cards per card region 4096

Heap:
 garbage-first heap   total reserved 4132864K, committed 0K, used 0K [0x0000000703c00000, 0x0000000800000000)
  region size 2048K, 0 young (0K), 0 survivors (0K)

[error occurred during error reporting (printing heap information), id 0xc0000005, EXCEPTION_ACCESS_VIOLATION (0xc0000005) at pc=0x00007ffbfdebc3b9]
GC Heap History (0 events):
No events

Dll operation events (1 events):
Event: 0.009 Loaded shared library C:\Program Files\Java\jdk-23\bin\java.dll

Deoptimization events (0 events):
No events

Classes loaded (0 events):
No events

Classes unloaded (0 events):
No events

Classes redefined (0 events):
No events

Internal exceptions (0 events):
No events

VM Operations (0 events):
No events

Memory protections (0 events):
No events

Nmethod flushes (0 events):
No events

Events (0 events):
No events


Dynamic libraries:
0x00007ff6652e0000 - 0x00007ff6652f0000 	C:\Program Files\Java\jdk-23\bin\java.exe
0x00007ffc7ff50000 - 0x00007ffc80167000 	C:\Windows\SYSTEM32\ntdll.dll
0x00007ffc7fdd0000 - 0x00007ffc7fe94000 	C:\Windows\System32\KERNEL32.DLL
0x00007ffc7d4d0000 - 0x00007ffc7d889000 	C:\Windows\System32\KERNELBASE.dll
0x00007ffc7d2c0000 - 0x00007ffc7d3d1000 	C:\Windows\System32\ucrtbase.dll
0x00007ffc77c70000 - 0x00007ffc77c8b000 	C:\Program Files\Java\jdk-23\bin\VCRUNTIME140.dll
0x00007ffc5fd30000 - 0x00007ffc5fd47000 	C:\Program Files\Java\jdk-23\bin\jli.dll
0x00007ffc7eeb0000 - 0x00007ffc7f05e000 	C:\Windows\System32\USER32.dll
0x00007ffc7d4a0000 - 0x00007ffc7d4c6000 	C:\Windows\System32\win32u.dll
0x00007ffc6c680000 - 0x00007ffc6c912000 	C:\Windows\WinSxS\amd64_microsoft.windows.common-controls_6595b64144ccf1df_6.0.22621.4391_none_2715d37f73803e96\COMCTL32.dll
0x00007ffc7ed20000 - 0x00007ffc7ed49000 	C:\Windows\System32\GDI32.dll
0x00007ffc7f770000 - 0x00007ffc7f817000 	C:\Windows\System32\msvcrt.dll
0x00007ffc7db50000 - 0x00007ffc7dc6b000 	C:\Windows\System32\gdi32full.dll
0x00007ffc7dab0000 - 0x00007ffc7db4a000 	C:\Windows\System32\msvcp_win.dll
0x00007ffc7fc90000 - 0x00007ffc7fcc1000 	C:\Windows\System32\IMM32.DLL
0x00007ffc78970000 - 0x00007ffc7897c000 	C:\Program Files\Java\jdk-23\bin\vcruntime140_1.dll
0x00007ffc3adc0000 - 0x00007ffc3ae4e000 	C:\Program Files\Java\jdk-23\bin\msvcp140.dll
0x00007ffbfd780000 - 0x00007ffbfe4cf000 	C:\Program Files\Java\jdk-23\bin\server\jvm.dll
0x00007ffc7f0f0000 - 0x00007ffc7f1a2000 	C:\Windows\System32\ADVAPI32.dll
0x00007ffc7dc70000 - 0x00007ffc7dd17000 	C:\Windows\System32\sechost.dll
0x00007ffc7da80000 - 0x00007ffc7daa8000 	C:\Windows\System32\bcrypt.dll
0x00007ffc7e2a0000 - 0x00007ffc7e3b4000 	C:\Windows\System32\RPCRT4.dll
0x00007ffc7f070000 - 0x00007ffc7f0e1000 	C:\Windows\System32\WS2_32.dll
0x00007ffc781a0000 - 0x00007ffc781d4000 	C:\Windows\SYSTEM32\WINMM.dll
0x00007ffc7d120000 - 0x00007ffc7d16d000 	C:\Windows\SYSTEM32\POWRPROF.dll
0x00007ffc75310000 - 0x00007ffc7531a000 	C:\Windows\SYSTEM32\VERSION.dll
0x00007ffc7d050000 - 0x00007ffc7d063000 	C:\Windows\SYSTEM32\UMPDC.dll
0x00007ffc7c290000 - 0x00007ffc7c2a8000 	C:\Windows\SYSTEM32\kernel.appcore.dll
0x00007ffc77e00000 - 0x00007ffc77e0a000 	C:\Program Files\Java\jdk-23\bin\jimage.dll
0x00007ffc7ab20000 - 0x00007ffc7ad52000 	C:\Windows\SYSTEM32\DBGHELP.DLL
0x00007ffc7f900000 - 0x00007ffc7fc8f000 	C:\Windows\System32\combase.dll
0x00007ffc7f820000 - 0x00007ffc7f8f7000 	C:\Windows\System32\OLEAUT32.dll
0x00007ffc56510000 - 0x00007ffc56542000 	C:\Windows\SYSTEM32\dbgcore.DLL
0x00007ffc7da00000 - 0x00007ffc7da7b000 	C:\Windows\System32\bcryptPrimitives.dll
0x00007ffc77150000 - 0x00007ffc7716e000 	C:\Program Files\Java\jdk-23\bin\java.dll
0x00007ffc7dd40000 - 0x00007ffc7dee5000 	C:\Windows\System32\ole32.dll
0x00007ffc7e3c0000 - 0x00007ffc7ec36000 	C:\Windows\System32\SHELL32.dll

dbghelp: loaded successfully - version: 4.0.5 - missing functions: none
symbol engine: initialized successfully - sym options: 0x614 - pdb path: .;C:\Program Files\Java\jdk-23\bin;C:\Windows\SYSTEM32;C:\Windows\WinSxS\amd64_microsoft.windows.common-controls_6595b64144ccf1df_6.0.22621.4391_none_2715d37f73803e96;C:\Program Files\Java\jdk-23\bin\server

VM Arguments:
jvm_args: -Dfile.encoding=UTF-8 --module-path=C:\Users\Alienware M15\Documents\JAVA\TICTACTOE\build\classes 
java_command: TICTACTOEDAVID
java_class_path (initial): C:\Program Files\NetBeans-23\netbeans\java\modules\ext\AbsoluteLayout.jar;C:\Users\Alienware M15\Documents\JAVA\TICTACTOE\build\classes
Launcher Type: SUN_STANDARD

[Global flags]
     intx CICompilerCount                          = 12                                        {product} {ergonomic}
     uint ConcGCThreads                            = 3                                         {product} {ergonomic}
     uint G1ConcRefinementThreads                  = 13                                        {product} {ergonomic}
   size_t G1HeapRegionSize                         = 2097152                                   {product} {ergonomic}
   size_t InitialHeapSize                          = 266338304                                 {product} {ergonomic}
   size_t MarkStackSize                            = 4194304                                   {product} {ergonomic}
   size_t MarkStackSizeMax                         = 536870912                                 {product} {ergonomic}
   size_t MaxHeapSize                              = 4232052736                                {product} {ergonomic}
   size_t MinHeapDeltaBytes                        = 2097152                                   {product} {ergonomic}
   size_t MinHeapSize                              = 8388608                                   {product} {ergonomic}
    uintx NonNMethodCodeHeapSize                   = 7602176                                {pd product} {ergonomic}
    uintx NonProfiledCodeHeapSize                  = 122093568                              {pd product} {ergonomic}
    uintx ProfiledCodeHeapSize                     = 121962496                              {pd product} {ergonomic}
    uintx ReservedCodeCacheSize                    = 251658240                              {pd product} {ergonomic}
     bool SegmentedCodeCache                       = true                                      {product} {ergonomic}
   size_t SoftMaxHeapSize                          = 4232052736                             {manageable} {ergonomic}
     bool UseCompressedOops                        = true                           {product lp64_product} {ergonomic}
     bool UseG1GC                                  = true                                      {product} {ergonomic}
     bool UseLargePagesIndividualAllocation        = false                                  {pd product} {ergonomic}

Logging:
Log output configuration:
 #0: stdout all=warning uptime,level,tags foldmultilines=false
 #1: stderr all=off uptime,level,tags foldmultilines=false

Environment Variables:
PATH=C:\Program Files\Common Files\Oracle\Java\javapath;C:\Program Files (x86)\Common Files\Oracle\Java\javapath;C:\Windows\system32;C:\Windows;C:\Windows\System32\Wbem;C:\Windows\System32\WindowsPowerShell\v1.0\;C:\Windows\System32\OpenSSH\;C:\Program Files\dotnet\;C:\Program Files\NVIDIA Corporation\NVIDIA NvDLISR;C:\Program Files (x86)\NVIDIA Corporation\PhysX\Common;C:\Users\Alienware M15\AppData\Local\Microsoft\WindowsApps;C:\Users\Alienware M15\AppData\Local\Programs\Microsoft VS Code\bin;C:\Users\Alienware M15\AppData\Local\GitHubDesktop\bin
USERNAME=PPWR
OS=Windows_NT
PROCESSOR_IDENTIFIER=Intel64 Family 6 Model 165 Stepping 2, GenuineIntel
TMP=C:\Users\ALIENW~1\AppData\Local\Temp
TEMP=C:\Users\ALIENW~1\AppData\Local\Temp




Periodic native trim disabled

---------------  S Y S T E M  ---------------

OS:
 Windows 11 , 64 bit Build 22621 (10.0.22621.4391)
OS uptime: 0 days 12:43 hours

CPU: total 16 (initial active 16) (8 cores per cpu, 2 threads per core) family 6 model 165 stepping 2 microcode 0xfc, cx8, cmov, fxsr, ht, mmx, 3dnowpref, sse, sse2, sse3, ssse3, sse4.1, sse4.2, popcnt, lzcnt, tsc, tscinvbit, avx, avx2, aes, erms, clmul, bmi1, bmi2, adx, fma, vzeroupper, clflush, clflushopt, rdtscp, f16c, pku
Processor Information for the first 16 processors :
  Max Mhz: 2208, Current Mhz: 2208, Mhz Limit: 2208

Memory: 4k page, system-wide physical 16142M (288M free)
TotalPageFile size 65294M (AvailPageFile size 72M)
current process WorkingSet (physical memory assigned to process): 12M, peak: 12M
current process commit charge ("private bytes"): 71M, peak: 325M

vm_info: Java HotSpot(TM) 64-Bit Server VM (23+37-2369) for windows-amd64 JRE (23+37-2369), built on 2024-08-20T16:01:23Z with MS VC++ 17.6 (VS2022)

END.
